<?xml version="1.0" encoding="UTF-8"?>
<testsuite name="rewards.internal.restaurant.JdbcRestaurantRepositoryTests" tests="3" skipped="0" failures="0" errors="0" timestamp="2024-12-24T18:53:10" hostname="DESKTOP-OFNM1PJ" time="0.14">
  <properties/>
  <testcase name="findRestaurantByMerchantNumber()" classname="rewards.internal.restaurant.JdbcRestaurantRepositoryTests" time="0.075"/>
  <testcase name="restaurantCacheClearedAfterDestroy()" classname="rewards.internal.restaurant.JdbcRestaurantRepositoryTests" time="0.035"/>
  <testcase name="findRestaurantByBogusMerchantNumber()" classname="rewards.internal.restaurant.JdbcRestaurantRepositoryTests" time="0.027"/>
  <system-out><![CDATA[]]></system-out>
  <system-err><![CDATA[]]></system-err>
</testsuite>
