<?xml version="1.0" encoding="UTF-8"?>
<testsuite name="rewards.internal.restaurant.JpaRestaurantRepositoryIntegrationTests" tests="2" skipped="0" failures="0" errors="0" timestamp="2024-12-24T18:52:39" hostname="DESKTOP-OFNM1PJ" time="0.052">
  <properties/>
  <testcase name="findRestaurantByMerchantNumber()" classname="rewards.internal.restaurant.JpaRestaurantRepositoryIntegrationTests" time="0.044"/>
  <testcase name="testProfile()" classname="rewards.internal.restaurant.JpaRestaurantRepositoryIntegrationTests" time="0.006"/>
  <system-out><![CDATA[INFO : o.s.t.c.s.DefaultTestContextBootstrapper - Loaded default TestExecutionListener class names from location [META-INF/spring.factories]: [org.springframework.boot.test.autoconfigure.restdocs.RestDocsTestExecutionListener, org.springframework.boot.test.autoconfigure.web.client.MockRestServiceServerResetTestExecutionListener, org.springframework.boot.test.autoconfigure.web.servlet.MockMvcPrintOnlyOnFailureTestExecutionListener, org.springframework.boot.test.autoconfigure.web.servlet.WebDriverTestExecutionListener, org.springframework.boot.test.autoconfigure.webservices.client.MockWebServiceServerTestExecutionListener, org.springframework.boot.test.mock.mockito.MockitoTestExecutionListener, org.springframework.boot.test.mock.mockito.ResetMocksTestExecutionListener, org.springframework.test.context.web.ServletTestExecutionListener, org.springframework.test.context.support.DirtiesContextBeforeModesTestExecutionListener, org.springframework.test.context.event.ApplicationEventsTestExecutionListener, org.springframework.test.context.support.DependencyInjectionTestExecutionListener, org.springframework.test.context.support.DirtiesContextTestExecutionListener, org.springframework.test.context.transaction.TransactionalTestExecutionListener, org.springframework.test.context.jdbc.SqlScriptsTestExecutionListener, org.springframework.test.context.event.EventPublishingTestExecutionListener]
INFO : o.s.t.c.s.DefaultTestContextBootstrapper - Using TestExecutionListeners: [org.springframework.test.context.support.DirtiesContextBeforeModesTestExecutionListener@2682cccc, org.springframework.test.context.event.ApplicationEventsTestExecutionListener@2ae08750, org.springframework.boot.test.mock.mockito.MockitoTestExecutionListener@44117b0d, org.springframework.test.context.support.DependencyInjectionTestExecutionListener@58679ff, org.springframework.test.context.support.DirtiesContextTestExecutionListener@35d2312f, org.springframework.test.context.transaction.TransactionalTestExecutionListener@1b26fac2, org.springframework.test.context.jdbc.SqlScriptsTestExecutionListener@54a033b8, org.springframework.test.context.event.EventPublishingTestExecutionListener@62dfe152, org.springframework.boot.test.autoconfigure.restdocs.RestDocsTestExecutionListener@46a0ef6f, org.springframework.boot.test.autoconfigure.web.client.MockRestServiceServerResetTestExecutionListener@6afced93, org.springframework.boot.test.autoconfigure.web.servlet.MockMvcPrintOnlyOnFailureTestExecutionListener@3f142e87, org.springframework.boot.test.autoconfigure.web.servlet.WebDriverTestExecutionListener@22dc9d46, org.springframework.boot.test.autoconfigure.webservices.client.MockWebServiceServerTestExecutionListener@63c6c5e5, org.springframework.boot.test.mock.mockito.ResetMocksTestExecutionListener@6edb2c7b]
INFO : o.s.t.c.transaction.TransactionContext - Began transaction (1) for test context [DefaultTestContext@36d5c2ce testClass = JpaRestaurantRepositoryIntegrationTests, testInstance = rewards.internal.restaurant.JpaRestaurantRepositoryIntegrationTests@6369d01c, testMethod = findRestaurantByMerchantNumber@AbstractRestaurantRepositoryTests, testException = [null], mergedContextConfiguration = [MergedContextConfiguration@54e680fe testClass = JpaRestaurantRepositoryIntegrationTests, locations = '{}', classes = '{class config.AppConfig, class config.DbConfig}', contextInitializerClasses = '[]', activeProfiles = '{jpa}', propertySourceLocations = '{}', propertySourceProperties = '{}', contextCustomizers = set[org.springframework.boot.test.autoconfigure.actuate.metrics.MetricsExportContextCustomizerFactory$DisableMetricExportContextCustomizer@4fc5e095, org.springframework.boot.test.autoconfigure.properties.PropertyMappingContextCustomizer@0, org.springframework.boot.test.autoconfigure.web.servlet.WebDriverContextCustomizerFactory$Customizer@5b11a194, org.springframework.boot.test.context.filter.ExcludeFilterContextCustomizer@1b065145, org.springframework.boot.test.json.DuplicateJsonObjectContextCustomizerFactory$DuplicateJsonObjectContextCustomizer@5827af16, org.springframework.boot.test.mock.mockito.MockitoContextCustomizer@0], contextLoader = 'org.springframework.test.context.support.DelegatingSmartContextLoader', parent = [null]], attributes = map['org.springframework.test.context.event.ApplicationEventsTestExecutionListener.recordApplicationEvents' -> false]]; transaction manager [org.springframework.orm.jpa.JpaTransactionManager@3321291a]; rollback [true]
Hibernate: 
    select
        restaurant0_.ID as id1_2_,
        restaurant0_.BENEFIT_PERCENTAGE as benefit_2_2_,
        restaurant0_.BENEFIT_AVAILABILITY_POLICY as benefit_3_2_,
        restaurant0_.NAME as name4_2_,
        restaurant0_.MERCHANT_NUMBER as merchant5_2_ 
    from
        T_RESTAURANT restaurant0_ 
    where
        restaurant0_.MERCHANT_NUMBER=?
INFO : o.s.t.c.transaction.TransactionContext - Rolled back transaction for test: [DefaultTestContext@36d5c2ce testClass = JpaRestaurantRepositoryIntegrationTests, testInstance = rewards.internal.restaurant.JpaRestaurantRepositoryIntegrationTests@6369d01c, testMethod = findRestaurantByMerchantNumber@AbstractRestaurantRepositoryTests, testException = [null], mergedContextConfiguration = [MergedContextConfiguration@54e680fe testClass = JpaRestaurantRepositoryIntegrationTests, locations = '{}', classes = '{class config.AppConfig, class config.DbConfig}', contextInitializerClasses = '[]', activeProfiles = '{jpa}', propertySourceLocations = '{}', propertySourceProperties = '{}', contextCustomizers = set[org.springframework.boot.test.autoconfigure.actuate.metrics.MetricsExportContextCustomizerFactory$DisableMetricExportContextCustomizer@4fc5e095, org.springframework.boot.test.autoconfigure.properties.PropertyMappingContextCustomizer@0, org.springframework.boot.test.autoconfigure.web.servlet.WebDriverContextCustomizerFactory$Customizer@5b11a194, org.springframework.boot.test.context.filter.ExcludeFilterContextCustomizer@1b065145, org.springframework.boot.test.json.DuplicateJsonObjectContextCustomizerFactory$DuplicateJsonObjectContextCustomizer@5827af16, org.springframework.boot.test.mock.mockito.MockitoContextCustomizer@0], contextLoader = 'org.springframework.test.context.support.DelegatingSmartContextLoader', parent = [null]], attributes = map['org.springframework.test.context.event.ApplicationEventsTestExecutionListener.recordApplicationEvents' -> false]]
]]></system-out>
  <system-err><![CDATA[]]></system-err>
</testsuite>
