<?xml version="1.0" encoding="UTF-8"?>
<testsuite name="accounts.internal.JpaAccountManagerIntegrationTests" tests="8" skipped="0" failures="0" errors="0" timestamp="2024-12-24T18:52:34" hostname="DESKTOP-OFNM1PJ" time="1.987">
  <properties/>
  <testcase name="getAccount()" classname="accounts.internal.JpaAccountManagerIntegrationTests" time="1.068"/>
  <testcase name="addBeneficiary()" classname="accounts.internal.JpaAccountManagerIntegrationTests" time="0.039"/>
  <testcase name="testGetAllAccounts()" classname="accounts.internal.JpaAccountManagerIntegrationTests" time="0.645"/>
  <testcase name="addAccount()" classname="accounts.internal.JpaAccountManagerIntegrationTests" time="0.115"/>
  <testcase name="updateAccountBeneficiaries()" classname="accounts.internal.JpaAccountManagerIntegrationTests" time="0.02"/>
  <testcase name="removeBeneficiary()" classname="accounts.internal.JpaAccountManagerIntegrationTests" time="0.024"/>
  <testcase name="updateAccount()" classname="accounts.internal.JpaAccountManagerIntegrationTests" time="0.026"/>
  <testcase name="testProfile()" classname="accounts.internal.JpaAccountManagerIntegrationTests" time="0.015"/>
  <system-out><![CDATA[INFO : o.s.t.c.s.DefaultTestContextBootstrapper - Loaded default TestExecutionListener class names from location [META-INF/spring.factories]: [org.springframework.boot.test.autoconfigure.restdocs.RestDocsTestExecutionListener, org.springframework.boot.test.autoconfigure.web.client.MockRestServiceServerResetTestExecutionListener, org.springframework.boot.test.autoconfigure.web.servlet.MockMvcPrintOnlyOnFailureTestExecutionListener, org.springframework.boot.test.autoconfigure.web.servlet.WebDriverTestExecutionListener, org.springframework.boot.test.autoconfigure.webservices.client.MockWebServiceServerTestExecutionListener, org.springframework.boot.test.mock.mockito.MockitoTestExecutionListener, org.springframework.boot.test.mock.mockito.ResetMocksTestExecutionListener, org.springframework.test.context.web.ServletTestExecutionListener, org.springframework.test.context.support.DirtiesContextBeforeModesTestExecutionListener, org.springframework.test.context.event.ApplicationEventsTestExecutionListener, org.springframework.test.context.support.DependencyInjectionTestExecutionListener, org.springframework.test.context.support.DirtiesContextTestExecutionListener, org.springframework.test.context.transaction.TransactionalTestExecutionListener, org.springframework.test.context.jdbc.SqlScriptsTestExecutionListener, org.springframework.test.context.event.EventPublishingTestExecutionListener]
INFO : o.s.t.c.s.DefaultTestContextBootstrapper - Using TestExecutionListeners: [org.springframework.test.context.support.DirtiesContextBeforeModesTestExecutionListener@533377b, org.springframework.test.context.event.ApplicationEventsTestExecutionListener@3383649e, org.springframework.boot.test.mock.mockito.MockitoTestExecutionListener@10fde30a, org.springframework.test.context.support.DependencyInjectionTestExecutionListener@f27ea3, org.springframework.test.context.support.DirtiesContextTestExecutionListener@1ce61929, org.springframework.test.context.transaction.TransactionalTestExecutionListener@346939bf, org.springframework.test.context.jdbc.SqlScriptsTestExecutionListener@4bf3798b, org.springframework.test.context.event.EventPublishingTestExecutionListener@58670130, org.springframework.boot.test.autoconfigure.restdocs.RestDocsTestExecutionListener@74e47444, org.springframework.boot.test.autoconfigure.web.client.MockRestServiceServerResetTestExecutionListener@9bd0fa6, org.springframework.boot.test.autoconfigure.web.servlet.MockMvcPrintOnlyOnFailureTestExecutionListener@59d2103b, org.springframework.boot.test.autoconfigure.web.servlet.WebDriverTestExecutionListener@39dcf4b0, org.springframework.boot.test.autoconfigure.webservices.client.MockWebServiceServerTestExecutionListener@6e4de19b, org.springframework.boot.test.mock.mockito.ResetMocksTestExecutionListener@f6c03cb]
INFO : o.s.c.a.ConfigurationClassParser - Properties location [application.properties] not resolvable: class path resource [application.properties] cannot be opened because it does not exist
INFO : accounts.internal.JpaAccountManager - Created JPA account-manager
INFO : config - Created JpaAccountManager
INFO : config - Created JpaRestaurantRepository
INFO : config - Created JdbcRewardRepository
INFO : o.s.t.c.transaction.TransactionContext - Began transaction (1) for test context [DefaultTestContext@74ebd159 testClass = JpaAccountManagerIntegrationTests, testInstance = accounts.internal.JpaAccountManagerIntegrationTests@1850f2da, testMethod = getAccount@AbstractAccountManagerTests, testException = [null], mergedContextConfiguration = [MergedContextConfiguration@38d42ab7 testClass = JpaAccountManagerIntegrationTests, locations = '{}', classes = '{class config.AppConfig, class config.DbConfig}', contextInitializerClasses = '[]', activeProfiles = '{jpa}', propertySourceLocations = '{}', propertySourceProperties = '{}', contextCustomizers = set[org.springframework.boot.test.autoconfigure.actuate.metrics.MetricsExportContextCustomizerFactory$DisableMetricExportContextCustomizer@4fc5e095, org.springframework.boot.test.autoconfigure.properties.PropertyMappingContextCustomizer@0, org.springframework.boot.test.autoconfigure.web.servlet.WebDriverContextCustomizerFactory$Customizer@5b11a194, org.springframework.boot.test.context.filter.ExcludeFilterContextCustomizer@1b065145, org.springframework.boot.test.json.DuplicateJsonObjectContextCustomizerFactory$DuplicateJsonObjectContextCustomizer@5827af16, org.springframework.boot.test.mock.mockito.MockitoContextCustomizer@0], contextLoader = 'org.springframework.test.context.support.DelegatingSmartContextLoader', parent = [null]], attributes = map['org.springframework.test.context.event.ApplicationEventsTestExecutionListener.recordApplicationEvents' -> false]]; transaction manager [org.springframework.orm.jpa.JpaTransactionManager@3321291a]; rollback [true]
Hibernate: 
    select
        account0_.ID as id1_0_0_,
        account0_.NAME as name2_0_0_,
        account0_.NUMBER as number3_0_0_ 
    from
        T_ACCOUNT account0_ 
    where
        account0_.ID=?
Hibernate: 
    select
        beneficiar0_.ACCOUNT_ID as account_5_1_0_,
        beneficiar0_.ID as id1_1_0_,
        beneficiar0_.ID as id1_1_1_,
        beneficiar0_.ALLOCATION_PERCENTAGE as allocati2_1_1_,
        beneficiar0_.NAME as name3_1_1_,
        beneficiar0_.SAVINGS as savings4_1_1_ 
    from
        T_ACCOUNT_BENEFICIARY beneficiar0_ 
    where
        beneficiar0_.ACCOUNT_ID=?
INFO : o.s.t.c.transaction.TransactionContext - Rolled back transaction for test: [DefaultTestContext@74ebd159 testClass = JpaAccountManagerIntegrationTests, testInstance = accounts.internal.JpaAccountManagerIntegrationTests@1850f2da, testMethod = getAccount@AbstractAccountManagerTests, testException = [null], mergedContextConfiguration = [MergedContextConfiguration@38d42ab7 testClass = JpaAccountManagerIntegrationTests, locations = '{}', classes = '{class config.AppConfig, class config.DbConfig}', contextInitializerClasses = '[]', activeProfiles = '{jpa}', propertySourceLocations = '{}', propertySourceProperties = '{}', contextCustomizers = set[org.springframework.boot.test.autoconfigure.actuate.metrics.MetricsExportContextCustomizerFactory$DisableMetricExportContextCustomizer@4fc5e095, org.springframework.boot.test.autoconfigure.properties.PropertyMappingContextCustomizer@0, org.springframework.boot.test.autoconfigure.web.servlet.WebDriverContextCustomizerFactory$Customizer@5b11a194, org.springframework.boot.test.context.filter.ExcludeFilterContextCustomizer@1b065145, org.springframework.boot.test.json.DuplicateJsonObjectContextCustomizerFactory$DuplicateJsonObjectContextCustomizer@5827af16, org.springframework.boot.test.mock.mockito.MockitoContextCustomizer@0], contextLoader = 'org.springframework.test.context.support.DelegatingSmartContextLoader', parent = [null]], attributes = map['org.springframework.test.context.event.ApplicationEventsTestExecutionListener.recordApplicationEvents' -> false]]
INFO : o.s.t.c.transaction.TransactionContext - Began transaction (1) for test context [DefaultTestContext@74ebd159 testClass = JpaAccountManagerIntegrationTests, testInstance = accounts.internal.JpaAccountManagerIntegrationTests@2fd4312a, testMethod = addBeneficiary@AbstractAccountManagerTests, testException = [null], mergedContextConfiguration = [MergedContextConfiguration@38d42ab7 testClass = JpaAccountManagerIntegrationTests, locations = '{}', classes = '{class config.AppConfig, class config.DbConfig}', contextInitializerClasses = '[]', activeProfiles = '{jpa}', propertySourceLocations = '{}', propertySourceProperties = '{}', contextCustomizers = set[org.springframework.boot.test.autoconfigure.actuate.metrics.MetricsExportContextCustomizerFactory$DisableMetricExportContextCustomizer@4fc5e095, org.springframework.boot.test.autoconfigure.properties.PropertyMappingContextCustomizer@0, org.springframework.boot.test.autoconfigure.web.servlet.WebDriverContextCustomizerFactory$Customizer@5b11a194, org.springframework.boot.test.context.filter.ExcludeFilterContextCustomizer@1b065145, org.springframework.boot.test.json.DuplicateJsonObjectContextCustomizerFactory$DuplicateJsonObjectContextCustomizer@5827af16, org.springframework.boot.test.mock.mockito.MockitoContextCustomizer@0], contextLoader = 'org.springframework.test.context.support.DelegatingSmartContextLoader', parent = [null]], attributes = map['org.springframework.test.context.event.ApplicationEventsTestExecutionListener.recordApplicationEvents' -> false]]; transaction manager [org.springframework.orm.jpa.JpaTransactionManager@3321291a]; rollback [true]
Hibernate: 
    select
        account0_.ID as id1_0_0_,
        account0_.NAME as name2_0_0_,
        account0_.NUMBER as number3_0_0_ 
    from
        T_ACCOUNT account0_ 
    where
        account0_.ID=?
Hibernate: 
    select
        beneficiar0_.ACCOUNT_ID as account_5_1_0_,
        beneficiar0_.ID as id1_1_0_,
        beneficiar0_.ID as id1_1_1_,
        beneficiar0_.ALLOCATION_PERCENTAGE as allocati2_1_1_,
        beneficiar0_.NAME as name3_1_1_,
        beneficiar0_.SAVINGS as savings4_1_1_ 
    from
        T_ACCOUNT_BENEFICIARY beneficiar0_ 
    where
        beneficiar0_.ACCOUNT_ID=?
INFO : o.s.t.c.transaction.TransactionContext - Rolled back transaction for test: [DefaultTestContext@74ebd159 testClass = JpaAccountManagerIntegrationTests, testInstance = accounts.internal.JpaAccountManagerIntegrationTests@2fd4312a, testMethod = addBeneficiary@AbstractAccountManagerTests, testException = [null], mergedContextConfiguration = [MergedContextConfiguration@38d42ab7 testClass = JpaAccountManagerIntegrationTests, locations = '{}', classes = '{class config.AppConfig, class config.DbConfig}', contextInitializerClasses = '[]', activeProfiles = '{jpa}', propertySourceLocations = '{}', propertySourceProperties = '{}', contextCustomizers = set[org.springframework.boot.test.autoconfigure.actuate.metrics.MetricsExportContextCustomizerFactory$DisableMetricExportContextCustomizer@4fc5e095, org.springframework.boot.test.autoconfigure.properties.PropertyMappingContextCustomizer@0, org.springframework.boot.test.autoconfigure.web.servlet.WebDriverContextCustomizerFactory$Customizer@5b11a194, org.springframework.boot.test.context.filter.ExcludeFilterContextCustomizer@1b065145, org.springframework.boot.test.json.DuplicateJsonObjectContextCustomizerFactory$DuplicateJsonObjectContextCustomizer@5827af16, org.springframework.boot.test.mock.mockito.MockitoContextCustomizer@0], contextLoader = 'org.springframework.test.context.support.DelegatingSmartContextLoader', parent = [null]], attributes = map['org.springframework.test.context.event.ApplicationEventsTestExecutionListener.recordApplicationEvents' -> false]]
INFO : o.s.t.c.transaction.TransactionContext - Began transaction (1) for test context [DefaultTestContext@74ebd159 testClass = JpaAccountManagerIntegrationTests, testInstance = accounts.internal.JpaAccountManagerIntegrationTests@2570b316, testMethod = testGetAllAccounts@AbstractAccountManagerTests, testException = [null], mergedContextConfiguration = [MergedContextConfiguration@38d42ab7 testClass = JpaAccountManagerIntegrationTests, locations = '{}', classes = '{class config.AppConfig, class config.DbConfig}', contextInitializerClasses = '[]', activeProfiles = '{jpa}', propertySourceLocations = '{}', propertySourceProperties = '{}', contextCustomizers = set[org.springframework.boot.test.autoconfigure.actuate.metrics.MetricsExportContextCustomizerFactory$DisableMetricExportContextCustomizer@4fc5e095, org.springframework.boot.test.autoconfigure.properties.PropertyMappingContextCustomizer@0, org.springframework.boot.test.autoconfigure.web.servlet.WebDriverContextCustomizerFactory$Customizer@5b11a194, org.springframework.boot.test.context.filter.ExcludeFilterContextCustomizer@1b065145, org.springframework.boot.test.json.DuplicateJsonObjectContextCustomizerFactory$DuplicateJsonObjectContextCustomizer@5827af16, org.springframework.boot.test.mock.mockito.MockitoContextCustomizer@0], contextLoader = 'org.springframework.test.context.support.DelegatingSmartContextLoader', parent = [null]], attributes = map['org.springframework.test.context.event.ApplicationEventsTestExecutionListener.recordApplicationEvents' -> false]]; transaction manager [org.springframework.orm.jpa.JpaTransactionManager@3321291a]; rollback [true]
INFO : utils.TransactionUtils - TRANSACTION = org.springframework.transaction.support.DefaultTransactionStatus@56881196
INFO : a.i.JpaAccountManagerIntegrationTests - TRANSACTION IS : org.springframework.transaction.support.DefaultTransactionStatus@56881196
Hibernate: 
    select
        account0_.ID as id1_0_0_,
        beneficiar1_.ID as id1_1_1_,
        account0_.NAME as name2_0_0_,
        account0_.NUMBER as number3_0_0_,
        beneficiar1_.ALLOCATION_PERCENTAGE as allocati2_1_1_,
        beneficiar1_.NAME as name3_1_1_,
        beneficiar1_.SAVINGS as savings4_1_1_,
        beneficiar1_.ACCOUNT_ID as account_5_1_0__,
        beneficiar1_.ID as id1_1_0__ 
    from
        T_ACCOUNT account0_ 
    left outer join
        T_ACCOUNT_BENEFICIARY beneficiar1_ 
            on account0_.ID=beneficiar1_.ACCOUNT_ID
INFO : o.s.t.c.transaction.TransactionContext - Rolled back transaction for test: [DefaultTestContext@74ebd159 testClass = JpaAccountManagerIntegrationTests, testInstance = accounts.internal.JpaAccountManagerIntegrationTests@2570b316, testMethod = testGetAllAccounts@AbstractAccountManagerTests, testException = [null], mergedContextConfiguration = [MergedContextConfiguration@38d42ab7 testClass = JpaAccountManagerIntegrationTests, locations = '{}', classes = '{class config.AppConfig, class config.DbConfig}', contextInitializerClasses = '[]', activeProfiles = '{jpa}', propertySourceLocations = '{}', propertySourceProperties = '{}', contextCustomizers = set[org.springframework.boot.test.autoconfigure.actuate.metrics.MetricsExportContextCustomizerFactory$DisableMetricExportContextCustomizer@4fc5e095, org.springframework.boot.test.autoconfigure.properties.PropertyMappingContextCustomizer@0, org.springframework.boot.test.autoconfigure.web.servlet.WebDriverContextCustomizerFactory$Customizer@5b11a194, org.springframework.boot.test.context.filter.ExcludeFilterContextCustomizer@1b065145, org.springframework.boot.test.json.DuplicateJsonObjectContextCustomizerFactory$DuplicateJsonObjectContextCustomizer@5827af16, org.springframework.boot.test.mock.mockito.MockitoContextCustomizer@0], contextLoader = 'org.springframework.test.context.support.DelegatingSmartContextLoader', parent = [null]], attributes = map['org.springframework.test.context.event.ApplicationEventsTestExecutionListener.recordApplicationEvents' -> false]]
INFO : o.s.t.c.transaction.TransactionContext - Began transaction (1) for test context [DefaultTestContext@74ebd159 testClass = JpaAccountManagerIntegrationTests, testInstance = accounts.internal.JpaAccountManagerIntegrationTests@7b2e931, testMethod = addAccount@AbstractAccountManagerTests, testException = [null], mergedContextConfiguration = [MergedContextConfiguration@38d42ab7 testClass = JpaAccountManagerIntegrationTests, locations = '{}', classes = '{class config.AppConfig, class config.DbConfig}', contextInitializerClasses = '[]', activeProfiles = '{jpa}', propertySourceLocations = '{}', propertySourceProperties = '{}', contextCustomizers = set[org.springframework.boot.test.autoconfigure.actuate.metrics.MetricsExportContextCustomizerFactory$DisableMetricExportContextCustomizer@4fc5e095, org.springframework.boot.test.autoconfigure.properties.PropertyMappingContextCustomizer@0, org.springframework.boot.test.autoconfigure.web.servlet.WebDriverContextCustomizerFactory$Customizer@5b11a194, org.springframework.boot.test.context.filter.ExcludeFilterContextCustomizer@1b065145, org.springframework.boot.test.json.DuplicateJsonObjectContextCustomizerFactory$DuplicateJsonObjectContextCustomizer@5827af16, org.springframework.boot.test.mock.mockito.MockitoContextCustomizer@0], contextLoader = 'org.springframework.test.context.support.DelegatingSmartContextLoader', parent = [null]], attributes = map['org.springframework.test.context.event.ApplicationEventsTestExecutionListener.recordApplicationEvents' -> false]]; transaction manager [org.springframework.orm.jpa.JpaTransactionManager@3321291a]; rollback [true]
INFO : utils.TransactionUtils - TRANSACTION = org.springframework.transaction.support.DefaultTransactionStatus@7e89eba7
INFO : a.i.JpaAccountManagerIntegrationTests - TRANSACTION IS : org.springframework.transaction.support.DefaultTransactionStatus@7e89eba7
Hibernate: 
    insert 
    into
        T_ACCOUNT
        (ID, NAME, NUMBER) 
    values
        (default, ?, ?)
Hibernate: 
    insert 
    into
        T_ACCOUNT_BENEFICIARY
        (ID, ALLOCATION_PERCENTAGE, NAME, SAVINGS) 
    values
        (default, ?, ?, ?)
Hibernate: 
    update
        T_ACCOUNT_BENEFICIARY 
    set
        ACCOUNT_ID=? 
    where
        ID=?
Hibernate: 
    select
        account0_.ID as id1_0_0_,
        beneficiar1_.ID as id1_1_1_,
        account0_.NAME as name2_0_0_,
        account0_.NUMBER as number3_0_0_,
        beneficiar1_.ALLOCATION_PERCENTAGE as allocati2_1_1_,
        beneficiar1_.NAME as name3_1_1_,
        beneficiar1_.SAVINGS as savings4_1_1_,
        beneficiar1_.ACCOUNT_ID as account_5_1_0__,
        beneficiar1_.ID as id1_1_0__ 
    from
        T_ACCOUNT account0_ 
    left outer join
        T_ACCOUNT_BENEFICIARY beneficiar1_ 
            on account0_.ID=beneficiar1_.ACCOUNT_ID
INFO : o.s.t.c.transaction.TransactionContext - Rolled back transaction for test: [DefaultTestContext@74ebd159 testClass = JpaAccountManagerIntegrationTests, testInstance = accounts.internal.JpaAccountManagerIntegrationTests@7b2e931, testMethod = addAccount@AbstractAccountManagerTests, testException = [null], mergedContextConfiguration = [MergedContextConfiguration@38d42ab7 testClass = JpaAccountManagerIntegrationTests, locations = '{}', classes = '{class config.AppConfig, class config.DbConfig}', contextInitializerClasses = '[]', activeProfiles = '{jpa}', propertySourceLocations = '{}', propertySourceProperties = '{}', contextCustomizers = set[org.springframework.boot.test.autoconfigure.actuate.metrics.MetricsExportContextCustomizerFactory$DisableMetricExportContextCustomizer@4fc5e095, org.springframework.boot.test.autoconfigure.properties.PropertyMappingContextCustomizer@0, org.springframework.boot.test.autoconfigure.web.servlet.WebDriverContextCustomizerFactory$Customizer@5b11a194, org.springframework.boot.test.context.filter.ExcludeFilterContextCustomizer@1b065145, org.springframework.boot.test.json.DuplicateJsonObjectContextCustomizerFactory$DuplicateJsonObjectContextCustomizer@5827af16, org.springframework.boot.test.mock.mockito.MockitoContextCustomizer@0], contextLoader = 'org.springframework.test.context.support.DelegatingSmartContextLoader', parent = [null]], attributes = map['org.springframework.test.context.event.ApplicationEventsTestExecutionListener.recordApplicationEvents' -> false]]
INFO : o.s.t.c.transaction.TransactionContext - Began transaction (1) for test context [DefaultTestContext@74ebd159 testClass = JpaAccountManagerIntegrationTests, testInstance = accounts.internal.JpaAccountManagerIntegrationTests@615ef20, testMethod = updateAccountBeneficiaries@AbstractAccountManagerTests, testException = [null], mergedContextConfiguration = [MergedContextConfiguration@38d42ab7 testClass = JpaAccountManagerIntegrationTests, locations = '{}', classes = '{class config.AppConfig, class config.DbConfig}', contextInitializerClasses = '[]', activeProfiles = '{jpa}', propertySourceLocations = '{}', propertySourceProperties = '{}', contextCustomizers = set[org.springframework.boot.test.autoconfigure.actuate.metrics.MetricsExportContextCustomizerFactory$DisableMetricExportContextCustomizer@4fc5e095, org.springframework.boot.test.autoconfigure.properties.PropertyMappingContextCustomizer@0, org.springframework.boot.test.autoconfigure.web.servlet.WebDriverContextCustomizerFactory$Customizer@5b11a194, org.springframework.boot.test.context.filter.ExcludeFilterContextCustomizer@1b065145, org.springframework.boot.test.json.DuplicateJsonObjectContextCustomizerFactory$DuplicateJsonObjectContextCustomizer@5827af16, org.springframework.boot.test.mock.mockito.MockitoContextCustomizer@0], contextLoader = 'org.springframework.test.context.support.DelegatingSmartContextLoader', parent = [null]], attributes = map['org.springframework.test.context.event.ApplicationEventsTestExecutionListener.recordApplicationEvents' -> false]]; transaction manager [org.springframework.orm.jpa.JpaTransactionManager@3321291a]; rollback [true]
Hibernate: 
    select
        account0_.ID as id1_0_0_,
        account0_.NAME as name2_0_0_,
        account0_.NUMBER as number3_0_0_ 
    from
        T_ACCOUNT account0_ 
    where
        account0_.ID=?
Hibernate: 
    select
        beneficiar0_.ACCOUNT_ID as account_5_1_0_,
        beneficiar0_.ID as id1_1_0_,
        beneficiar0_.ID as id1_1_1_,
        beneficiar0_.ALLOCATION_PERCENTAGE as allocati2_1_1_,
        beneficiar0_.NAME as name3_1_1_,
        beneficiar0_.SAVINGS as savings4_1_1_ 
    from
        T_ACCOUNT_BENEFICIARY beneficiar0_ 
    where
        beneficiar0_.ACCOUNT_ID=?
INFO : o.s.t.c.transaction.TransactionContext - Rolled back transaction for test: [DefaultTestContext@74ebd159 testClass = JpaAccountManagerIntegrationTests, testInstance = accounts.internal.JpaAccountManagerIntegrationTests@615ef20, testMethod = updateAccountBeneficiaries@AbstractAccountManagerTests, testException = [null], mergedContextConfiguration = [MergedContextConfiguration@38d42ab7 testClass = JpaAccountManagerIntegrationTests, locations = '{}', classes = '{class config.AppConfig, class config.DbConfig}', contextInitializerClasses = '[]', activeProfiles = '{jpa}', propertySourceLocations = '{}', propertySourceProperties = '{}', contextCustomizers = set[org.springframework.boot.test.autoconfigure.actuate.metrics.MetricsExportContextCustomizerFactory$DisableMetricExportContextCustomizer@4fc5e095, org.springframework.boot.test.autoconfigure.properties.PropertyMappingContextCustomizer@0, org.springframework.boot.test.autoconfigure.web.servlet.WebDriverContextCustomizerFactory$Customizer@5b11a194, org.springframework.boot.test.context.filter.ExcludeFilterContextCustomizer@1b065145, org.springframework.boot.test.json.DuplicateJsonObjectContextCustomizerFactory$DuplicateJsonObjectContextCustomizer@5827af16, org.springframework.boot.test.mock.mockito.MockitoContextCustomizer@0], contextLoader = 'org.springframework.test.context.support.DelegatingSmartContextLoader', parent = [null]], attributes = map['org.springframework.test.context.event.ApplicationEventsTestExecutionListener.recordApplicationEvents' -> false]]
INFO : o.s.t.c.transaction.TransactionContext - Began transaction (1) for test context [DefaultTestContext@74ebd159 testClass = JpaAccountManagerIntegrationTests, testInstance = accounts.internal.JpaAccountManagerIntegrationTests@795faad, testMethod = removeBeneficiary@AbstractAccountManagerTests, testException = [null], mergedContextConfiguration = [MergedContextConfiguration@38d42ab7 testClass = JpaAccountManagerIntegrationTests, locations = '{}', classes = '{class config.AppConfig, class config.DbConfig}', contextInitializerClasses = '[]', activeProfiles = '{jpa}', propertySourceLocations = '{}', propertySourceProperties = '{}', contextCustomizers = set[org.springframework.boot.test.autoconfigure.actuate.metrics.MetricsExportContextCustomizerFactory$DisableMetricExportContextCustomizer@4fc5e095, org.springframework.boot.test.autoconfigure.properties.PropertyMappingContextCustomizer@0, org.springframework.boot.test.autoconfigure.web.servlet.WebDriverContextCustomizerFactory$Customizer@5b11a194, org.springframework.boot.test.context.filter.ExcludeFilterContextCustomizer@1b065145, org.springframework.boot.test.json.DuplicateJsonObjectContextCustomizerFactory$DuplicateJsonObjectContextCustomizer@5827af16, org.springframework.boot.test.mock.mockito.MockitoContextCustomizer@0], contextLoader = 'org.springframework.test.context.support.DelegatingSmartContextLoader', parent = [null]], attributes = map['org.springframework.test.context.event.ApplicationEventsTestExecutionListener.recordApplicationEvents' -> false]]; transaction manager [org.springframework.orm.jpa.JpaTransactionManager@3321291a]; rollback [true]
Hibernate: 
    select
        account0_.ID as id1_0_0_,
        account0_.NAME as name2_0_0_,
        account0_.NUMBER as number3_0_0_ 
    from
        T_ACCOUNT account0_ 
    where
        account0_.ID=?
Hibernate: 
    select
        beneficiar0_.ACCOUNT_ID as account_5_1_0_,
        beneficiar0_.ID as id1_1_0_,
        beneficiar0_.ID as id1_1_1_,
        beneficiar0_.ALLOCATION_PERCENTAGE as allocati2_1_1_,
        beneficiar0_.NAME as name3_1_1_,
        beneficiar0_.SAVINGS as savings4_1_1_ 
    from
        T_ACCOUNT_BENEFICIARY beneficiar0_ 
    where
        beneficiar0_.ACCOUNT_ID=?
INFO : o.s.t.c.transaction.TransactionContext - Rolled back transaction for test: [DefaultTestContext@74ebd159 testClass = JpaAccountManagerIntegrationTests, testInstance = accounts.internal.JpaAccountManagerIntegrationTests@795faad, testMethod = removeBeneficiary@AbstractAccountManagerTests, testException = [null], mergedContextConfiguration = [MergedContextConfiguration@38d42ab7 testClass = JpaAccountManagerIntegrationTests, locations = '{}', classes = '{class config.AppConfig, class config.DbConfig}', contextInitializerClasses = '[]', activeProfiles = '{jpa}', propertySourceLocations = '{}', propertySourceProperties = '{}', contextCustomizers = set[org.springframework.boot.test.autoconfigure.actuate.metrics.MetricsExportContextCustomizerFactory$DisableMetricExportContextCustomizer@4fc5e095, org.springframework.boot.test.autoconfigure.properties.PropertyMappingContextCustomizer@0, org.springframework.boot.test.autoconfigure.web.servlet.WebDriverContextCustomizerFactory$Customizer@5b11a194, org.springframework.boot.test.context.filter.ExcludeFilterContextCustomizer@1b065145, org.springframework.boot.test.json.DuplicateJsonObjectContextCustomizerFactory$DuplicateJsonObjectContextCustomizer@5827af16, org.springframework.boot.test.mock.mockito.MockitoContextCustomizer@0], contextLoader = 'org.springframework.test.context.support.DelegatingSmartContextLoader', parent = [null]], attributes = map['org.springframework.test.context.event.ApplicationEventsTestExecutionListener.recordApplicationEvents' -> false]]
INFO : o.s.t.c.transaction.TransactionContext - Began transaction (1) for test context [DefaultTestContext@74ebd159 testClass = JpaAccountManagerIntegrationTests, testInstance = accounts.internal.JpaAccountManagerIntegrationTests@5a6efe33, testMethod = updateAccount@AbstractAccountManagerTests, testException = [null], mergedContextConfiguration = [MergedContextConfiguration@38d42ab7 testClass = JpaAccountManagerIntegrationTests, locations = '{}', classes = '{class config.AppConfig, class config.DbConfig}', contextInitializerClasses = '[]', activeProfiles = '{jpa}', propertySourceLocations = '{}', propertySourceProperties = '{}', contextCustomizers = set[org.springframework.boot.test.autoconfigure.actuate.metrics.MetricsExportContextCustomizerFactory$DisableMetricExportContextCustomizer@4fc5e095, org.springframework.boot.test.autoconfigure.properties.PropertyMappingContextCustomizer@0, org.springframework.boot.test.autoconfigure.web.servlet.WebDriverContextCustomizerFactory$Customizer@5b11a194, org.springframework.boot.test.context.filter.ExcludeFilterContextCustomizer@1b065145, org.springframework.boot.test.json.DuplicateJsonObjectContextCustomizerFactory$DuplicateJsonObjectContextCustomizer@5827af16, org.springframework.boot.test.mock.mockito.MockitoContextCustomizer@0], contextLoader = 'org.springframework.test.context.support.DelegatingSmartContextLoader', parent = [null]], attributes = map['org.springframework.test.context.event.ApplicationEventsTestExecutionListener.recordApplicationEvents' -> false]]; transaction manager [org.springframework.orm.jpa.JpaTransactionManager@3321291a]; rollback [true]
Hibernate: 
    select
        account0_.ID as id1_0_0_,
        account0_.NAME as name2_0_0_,
        account0_.NUMBER as number3_0_0_ 
    from
        T_ACCOUNT account0_ 
    where
        account0_.ID=?
Hibernate: 
    select
        beneficiar0_.ACCOUNT_ID as account_5_1_0_,
        beneficiar0_.ID as id1_1_0_,
        beneficiar0_.ID as id1_1_1_,
        beneficiar0_.ALLOCATION_PERCENTAGE as allocati2_1_1_,
        beneficiar0_.NAME as name3_1_1_,
        beneficiar0_.SAVINGS as savings4_1_1_ 
    from
        T_ACCOUNT_BENEFICIARY beneficiar0_ 
    where
        beneficiar0_.ACCOUNT_ID=?
INFO : o.s.t.c.transaction.TransactionContext - Rolled back transaction for test: [DefaultTestContext@74ebd159 testClass = JpaAccountManagerIntegrationTests, testInstance = accounts.internal.JpaAccountManagerIntegrationTests@5a6efe33, testMethod = updateAccount@AbstractAccountManagerTests, testException = [null], mergedContextConfiguration = [MergedContextConfiguration@38d42ab7 testClass = JpaAccountManagerIntegrationTests, locations = '{}', classes = '{class config.AppConfig, class config.DbConfig}', contextInitializerClasses = '[]', activeProfiles = '{jpa}', propertySourceLocations = '{}', propertySourceProperties = '{}', contextCustomizers = set[org.springframework.boot.test.autoconfigure.actuate.metrics.MetricsExportContextCustomizerFactory$DisableMetricExportContextCustomizer@4fc5e095, org.springframework.boot.test.autoconfigure.properties.PropertyMappingContextCustomizer@0, org.springframework.boot.test.autoconfigure.web.servlet.WebDriverContextCustomizerFactory$Customizer@5b11a194, org.springframework.boot.test.context.filter.ExcludeFilterContextCustomizer@1b065145, org.springframework.boot.test.json.DuplicateJsonObjectContextCustomizerFactory$DuplicateJsonObjectContextCustomizer@5827af16, org.springframework.boot.test.mock.mockito.MockitoContextCustomizer@0], contextLoader = 'org.springframework.test.context.support.DelegatingSmartContextLoader', parent = [null]], attributes = map['org.springframework.test.context.event.ApplicationEventsTestExecutionListener.recordApplicationEvents' -> false]]
]]></system-out>
  <system-err><![CDATA[Dec 24, 2024 12:52:29 PM config.DbConfig entityManagerFactory
INFO: JPA Show generated SQL? true
]]></system-err>
</testsuite>
