<?xml version="1.0" encoding="UTF-8"?>
<testsuite name="rewards.internal.reward.JdbcRewardRepositoryIntegrationTests" tests="2" skipped="0" failures="0" errors="0" timestamp="2024-12-24T18:52:39" hostname="DESKTOP-OFNM1PJ" time="0.031">
  <properties/>
  <testcase name="createReward()" classname="rewards.internal.reward.JdbcRewardRepositoryIntegrationTests" time="0.021"/>
  <testcase name="testProfile()" classname="rewards.internal.reward.JdbcRewardRepositoryIntegrationTests" time="0.008"/>
  <system-out><![CDATA[INFO : o.s.t.c.s.DefaultTestContextBootstrapper - Loaded default TestExecutionListener class names from location [META-INF/spring.factories]: [org.springframework.boot.test.autoconfigure.restdocs.RestDocsTestExecutionListener, org.springframework.boot.test.autoconfigure.web.client.MockRestServiceServerResetTestExecutionListener, org.springframework.boot.test.autoconfigure.web.servlet.MockMvcPrintOnlyOnFailureTestExecutionListener, org.springframework.boot.test.autoconfigure.web.servlet.WebDriverTestExecutionListener, org.springframework.boot.test.autoconfigure.webservices.client.MockWebServiceServerTestExecutionListener, org.springframework.boot.test.mock.mockito.MockitoTestExecutionListener, org.springframework.boot.test.mock.mockito.ResetMocksTestExecutionListener, org.springframework.test.context.web.ServletTestExecutionListener, org.springframework.test.context.support.DirtiesContextBeforeModesTestExecutionListener, org.springframework.test.context.event.ApplicationEventsTestExecutionListener, org.springframework.test.context.support.DependencyInjectionTestExecutionListener, org.springframework.test.context.support.DirtiesContextTestExecutionListener, org.springframework.test.context.transaction.TransactionalTestExecutionListener, org.springframework.test.context.jdbc.SqlScriptsTestExecutionListener, org.springframework.test.context.event.EventPublishingTestExecutionListener]
INFO : o.s.t.c.s.DefaultTestContextBootstrapper - Using TestExecutionListeners: [org.springframework.test.context.support.DirtiesContextBeforeModesTestExecutionListener@626b9092, org.springframework.test.context.event.ApplicationEventsTestExecutionListener@1ac2829e, org.springframework.boot.test.mock.mockito.MockitoTestExecutionListener@7a7f2247, org.springframework.test.context.support.DependencyInjectionTestExecutionListener@4946dfde, org.springframework.test.context.support.DirtiesContextTestExecutionListener@77972964, org.springframework.test.context.transaction.TransactionalTestExecutionListener@794f937a, org.springframework.test.context.jdbc.SqlScriptsTestExecutionListener@7aa1fb0e, org.springframework.test.context.event.EventPublishingTestExecutionListener@5e663ab, org.springframework.boot.test.autoconfigure.restdocs.RestDocsTestExecutionListener@4b74a67a, org.springframework.boot.test.autoconfigure.web.client.MockRestServiceServerResetTestExecutionListener@4e25282d, org.springframework.boot.test.autoconfigure.web.servlet.MockMvcPrintOnlyOnFailureTestExecutionListener@3b29d36c, org.springframework.boot.test.autoconfigure.web.servlet.WebDriverTestExecutionListener@d641499, org.springframework.boot.test.autoconfigure.webservices.client.MockWebServiceServerTestExecutionListener@634d3439, org.springframework.boot.test.mock.mockito.ResetMocksTestExecutionListener@44e0c3d]
INFO : o.s.t.c.transaction.TransactionContext - Began transaction (1) for test context [DefaultTestContext@56820446 testClass = JdbcRewardRepositoryIntegrationTests, testInstance = rewards.internal.reward.JdbcRewardRepositoryIntegrationTests@2259d54f, testMethod = createReward@AbstractRewardRepositoryTests, testException = [null], mergedContextConfiguration = [MergedContextConfiguration@1b82f62a testClass = JdbcRewardRepositoryIntegrationTests, locations = '{}', classes = '{class config.AppConfig, class config.DbConfig}', contextInitializerClasses = '[]', activeProfiles = '{jpa}', propertySourceLocations = '{}', propertySourceProperties = '{}', contextCustomizers = set[org.springframework.boot.test.autoconfigure.actuate.metrics.MetricsExportContextCustomizerFactory$DisableMetricExportContextCustomizer@4fc5e095, org.springframework.boot.test.autoconfigure.properties.PropertyMappingContextCustomizer@0, org.springframework.boot.test.autoconfigure.web.servlet.WebDriverContextCustomizerFactory$Customizer@5b11a194, org.springframework.boot.test.context.filter.ExcludeFilterContextCustomizer@1b065145, org.springframework.boot.test.json.DuplicateJsonObjectContextCustomizerFactory$DuplicateJsonObjectContextCustomizer@5827af16, org.springframework.boot.test.mock.mockito.MockitoContextCustomizer@0], contextLoader = 'org.springframework.test.context.support.DelegatingSmartContextLoader', parent = [null]], attributes = map['org.springframework.test.context.event.ApplicationEventsTestExecutionListener.recordApplicationEvents' -> false]]; transaction manager [org.springframework.orm.jpa.JpaTransactionManager@3321291a]; rollback [true]
INFO : o.s.t.c.transaction.TransactionContext - Rolled back transaction for test: [DefaultTestContext@56820446 testClass = JdbcRewardRepositoryIntegrationTests, testInstance = rewards.internal.reward.JdbcRewardRepositoryIntegrationTests@2259d54f, testMethod = createReward@AbstractRewardRepositoryTests, testException = [null], mergedContextConfiguration = [MergedContextConfiguration@1b82f62a testClass = JdbcRewardRepositoryIntegrationTests, locations = '{}', classes = '{class config.AppConfig, class config.DbConfig}', contextInitializerClasses = '[]', activeProfiles = '{jpa}', propertySourceLocations = '{}', propertySourceProperties = '{}', contextCustomizers = set[org.springframework.boot.test.autoconfigure.actuate.metrics.MetricsExportContextCustomizerFactory$DisableMetricExportContextCustomizer@4fc5e095, org.springframework.boot.test.autoconfigure.properties.PropertyMappingContextCustomizer@0, org.springframework.boot.test.autoconfigure.web.servlet.WebDriverContextCustomizerFactory$Customizer@5b11a194, org.springframework.boot.test.context.filter.ExcludeFilterContextCustomizer@1b065145, org.springframework.boot.test.json.DuplicateJsonObjectContextCustomizerFactory$DuplicateJsonObjectContextCustomizer@5827af16, org.springframework.boot.test.mock.mockito.MockitoContextCustomizer@0], contextLoader = 'org.springframework.test.context.support.DelegatingSmartContextLoader', parent = [null]], attributes = map['org.springframework.test.context.event.ApplicationEventsTestExecutionListener.recordApplicationEvents' -> false]]
]]></system-out>
  <system-err><![CDATA[]]></system-err>
</testsuite>
