<?xml version="1.0" encoding="UTF-8"?>
<testsuite name="rewards.internal.restaurant.JpaRestaurantRepositoryTests" tests="2" skipped="0" failures="0" errors="0" timestamp="2024-12-24T18:52:39" hostname="DESKTOP-OFNM1PJ" time="0.317">
  <properties/>
  <testcase name="findRestaurantByMerchantNumber()" classname="rewards.internal.restaurant.JpaRestaurantRepositoryTests" time="0.181"/>
  <testcase name="testProfile()" classname="rewards.internal.restaurant.JpaRestaurantRepositoryTests" time="0.135"/>
  <system-out><![CDATA[INFO : config - Created JpaRestaurantRepository
INFO : config - Created JpaRestaurantRepository
]]></system-out>
  <system-err><![CDATA[]]></system-err>
</testsuite>
