<?xml version="1.0" encoding="UTF-8"?>
<testsuite name="rewards.DBExceptionHandlingAspectTests" tests="1" skipped="0" failures="0" errors="0" timestamp="2024-12-24T18:53:44" hostname="DESKTOP-OFNM1PJ" time="0.928">
  <properties/>
  <testcase name="testReportException(OutputCapture)" classname="rewards.DBExceptionHandlingAspectTests" time="0.928"/>
  <system-out><![CDATA[INFO : o.s.t.c.s.DefaultTestContextBootstrapper - Loaded default TestExecutionListener class names from location [META-INF/spring.factories]: [org.springframework.boot.test.autoconfigure.restdocs.RestDocsTestExecutionListener, org.springframework.boot.test.autoconfigure.web.client.MockRestServiceServerResetTestExecutionListener, org.springframework.boot.test.autoconfigure.web.servlet.MockMvcPrintOnlyOnFailureTestExecutionListener, org.springframework.boot.test.autoconfigure.web.servlet.WebDriverTestExecutionListener, org.springframework.boot.test.autoconfigure.webservices.client.MockWebServiceServerTestExecutionListener, org.springframework.boot.test.mock.mockito.MockitoTestExecutionListener, org.springframework.boot.test.mock.mockito.ResetMocksTestExecutionListener, org.springframework.test.context.web.ServletTestExecutionListener, org.springframework.test.context.support.DirtiesContextBeforeModesTestExecutionListener, org.springframework.test.context.event.ApplicationEventsTestExecutionListener, org.springframework.test.context.support.DependencyInjectionTestExecutionListener, org.springframework.test.context.support.DirtiesContextTestExecutionListener, org.springframework.test.context.transaction.TransactionalTestExecutionListener, org.springframework.test.context.jdbc.SqlScriptsTestExecutionListener, org.springframework.test.context.event.EventPublishingTestExecutionListener]
INFO : o.s.t.c.s.DefaultTestContextBootstrapper - Using TestExecutionListeners: [org.springframework.test.context.support.DirtiesContextBeforeModesTestExecutionListener@73ff4fae, org.springframework.test.context.event.ApplicationEventsTestExecutionListener@21aa6d6c, org.springframework.boot.test.mock.mockito.MockitoTestExecutionListener@b968a76, org.springframework.test.context.support.DependencyInjectionTestExecutionListener@2f9a01c1, org.springframework.test.context.support.DirtiesContextTestExecutionListener@2611b9a3, org.springframework.test.context.transaction.TransactionalTestExecutionListener@54227100, org.springframework.test.context.jdbc.SqlScriptsTestExecutionListener@6b5894c8, org.springframework.test.context.event.EventPublishingTestExecutionListener@1433046b, org.springframework.boot.test.autoconfigure.restdocs.RestDocsTestExecutionListener@3f446bef, org.springframework.boot.test.autoconfigure.web.client.MockRestServiceServerResetTestExecutionListener@7829b776, org.springframework.boot.test.autoconfigure.web.servlet.MockMvcPrintOnlyOnFailureTestExecutionListener@5778826f, org.springframework.boot.test.autoconfigure.web.servlet.WebDriverTestExecutionListener@5b64c4b7, org.springframework.boot.test.autoconfigure.webservices.client.MockWebServiceServerTestExecutionListener@4763c727, org.springframework.boot.test.mock.mockito.ResetMocksTestExecutionListener@72445aba]
INFO : rewards.internal.aspects.LoggingAspect - 'Before' advice implementation - class rewards.internal.account.JdbcAccountRepository; Executing before findByCreditCard() method
WARN : r.i.aspects.DBExceptionHandlingAspect - Failed sending an email to Mister Smith : rewards.internal.exception.RewardDataAccessException: SQL exception occurred finding by credit card number

]]></system-out>
  <system-err><![CDATA[]]></system-err>
</testsuite>
