<?xml version="1.0" encoding="UTF-8"?>
<testsuite name="rewards.LoggingAspectTests" tests="1" skipped="0" failures="0" errors="0" timestamp="2024-12-24T18:53:45" hostname="DESKTOP-OFNM1PJ" time="0.025">
  <properties/>
  <testcase name="testLogger(OutputCapture)" classname="rewards.LoggingAspectTests" time="0.025"/>
  <system-out><![CDATA[INFO : o.s.t.c.s.DefaultTestContextBootstrapper - Loaded default TestExecutionListener class names from location [META-INF/spring.factories]: [org.springframework.boot.test.autoconfigure.restdocs.RestDocsTestExecutionListener, org.springframework.boot.test.autoconfigure.web.client.MockRestServiceServerResetTestExecutionListener, org.springframework.boot.test.autoconfigure.web.servlet.MockMvcPrintOnlyOnFailureTestExecutionListener, org.springframework.boot.test.autoconfigure.web.servlet.WebDriverTestExecutionListener, org.springframework.boot.test.autoconfigure.webservices.client.MockWebServiceServerTestExecutionListener, org.springframework.boot.test.mock.mockito.MockitoTestExecutionListener, org.springframework.boot.test.mock.mockito.ResetMocksTestExecutionListener, org.springframework.test.context.web.ServletTestExecutionListener, org.springframework.test.context.support.DirtiesContextBeforeModesTestExecutionListener, org.springframework.test.context.event.ApplicationEventsTestExecutionListener, org.springframework.test.context.support.DependencyInjectionTestExecutionListener, org.springframework.test.context.support.DirtiesContextTestExecutionListener, org.springframework.test.context.transaction.TransactionalTestExecutionListener, org.springframework.test.context.jdbc.SqlScriptsTestExecutionListener, org.springframework.test.context.event.EventPublishingTestExecutionListener]
INFO : o.s.t.c.s.DefaultTestContextBootstrapper - Using TestExecutionListeners: [org.springframework.test.context.support.DirtiesContextBeforeModesTestExecutionListener@4f5f474c, org.springframework.test.context.event.ApplicationEventsTestExecutionListener@58a3d521, org.springframework.boot.test.mock.mockito.MockitoTestExecutionListener@14d8e132, org.springframework.test.context.support.DependencyInjectionTestExecutionListener@7f4a1cac, org.springframework.test.context.support.DirtiesContextTestExecutionListener@4a1a412e, org.springframework.test.context.transaction.TransactionalTestExecutionListener@c568f91, org.springframework.test.context.jdbc.SqlScriptsTestExecutionListener@5fd43e58, org.springframework.test.context.event.EventPublishingTestExecutionListener@70d4f672, org.springframework.boot.test.autoconfigure.restdocs.RestDocsTestExecutionListener@68dfda77, org.springframework.boot.test.autoconfigure.web.client.MockRestServiceServerResetTestExecutionListener@50cdfafa, org.springframework.boot.test.autoconfigure.web.servlet.MockMvcPrintOnlyOnFailureTestExecutionListener@2e952845, org.springframework.boot.test.autoconfigure.web.servlet.WebDriverTestExecutionListener@79252c83, org.springframework.boot.test.autoconfigure.webservices.client.MockWebServiceServerTestExecutionListener@6fbf5db2, org.springframework.boot.test.mock.mockito.ResetMocksTestExecutionListener@509a6095]
INFO : rewards.internal.aspects.LoggingAspect - 'Before' advice implementation - class rewards.internal.account.JdbcAccountRepository; Executing before findByCreditCard() method
]]></system-out>
  <system-err><![CDATA[]]></system-err>
</testsuite>
