<?xml version="1.0" encoding="UTF-8"?>
<testsuite name="rewards.RewardNetworkTests" tests="1" skipped="0" failures="0" errors="0" timestamp="2024-12-24T18:53:45" hostname="DESKTOP-OFNM1PJ" time="0.065">
  <properties/>
  <testcase name="testRewardForDining(OutputCapture)" classname="rewards.RewardNetworkTests" time="0.065"/>
  <system-out><![CDATA[INFO : o.s.t.c.s.DefaultTestContextBootstrapper - Loaded default TestExecutionListener class names from location [META-INF/spring.factories]: [org.springframework.boot.test.autoconfigure.restdocs.RestDocsTestExecutionListener, org.springframework.boot.test.autoconfigure.web.client.MockRestServiceServerResetTestExecutionListener, org.springframework.boot.test.autoconfigure.web.servlet.MockMvcPrintOnlyOnFailureTestExecutionListener, org.springframework.boot.test.autoconfigure.web.servlet.WebDriverTestExecutionListener, org.springframework.boot.test.autoconfigure.webservices.client.MockWebServiceServerTestExecutionListener, org.springframework.boot.test.mock.mockito.MockitoTestExecutionListener, org.springframework.boot.test.mock.mockito.ResetMocksTestExecutionListener, org.springframework.test.context.web.ServletTestExecutionListener, org.springframework.test.context.support.DirtiesContextBeforeModesTestExecutionListener, org.springframework.test.context.event.ApplicationEventsTestExecutionListener, org.springframework.test.context.support.DependencyInjectionTestExecutionListener, org.springframework.test.context.support.DirtiesContextTestExecutionListener, org.springframework.test.context.transaction.TransactionalTestExecutionListener, org.springframework.test.context.jdbc.SqlScriptsTestExecutionListener, org.springframework.test.context.event.EventPublishingTestExecutionListener]
INFO : o.s.t.c.s.DefaultTestContextBootstrapper - Using TestExecutionListeners: [org.springframework.test.context.support.DirtiesContextBeforeModesTestExecutionListener@7a572ea0, org.springframework.test.context.event.ApplicationEventsTestExecutionListener@45287377, org.springframework.boot.test.mock.mockito.MockitoTestExecutionListener@7159d601, org.springframework.test.context.support.DependencyInjectionTestExecutionListener@70b33256, org.springframework.test.context.support.DirtiesContextTestExecutionListener@33d230ce, org.springframework.test.context.transaction.TransactionalTestExecutionListener@35e74e08, org.springframework.test.context.jdbc.SqlScriptsTestExecutionListener@a316f6b, org.springframework.test.context.event.EventPublishingTestExecutionListener@63f9ddf9, org.springframework.boot.test.autoconfigure.restdocs.RestDocsTestExecutionListener@410fc508, org.springframework.boot.test.autoconfigure.web.client.MockRestServiceServerResetTestExecutionListener@4e17442f, org.springframework.boot.test.autoconfigure.web.servlet.MockMvcPrintOnlyOnFailureTestExecutionListener@4f5c30b1, org.springframework.boot.test.autoconfigure.web.servlet.WebDriverTestExecutionListener@62e73ab6, org.springframework.boot.test.autoconfigure.webservices.client.MockWebServiceServerTestExecutionListener@5d7f8467, org.springframework.boot.test.mock.mockito.ResetMocksTestExecutionListener@29bd85db]
INFO : rewards.internal.aspects.LoggingAspect - 'Before' advice implementation - class rewards.internal.account.JdbcAccountRepository; Executing before findByCreditCard() method
INFO : rewards.internal.aspects.LoggingAspect - 'Before' advice implementation - class rewards.internal.restaurant.JdbcRestaurantRepository; Executing before findByMerchantNumber() method
INFO : rewards.internal.aspects.LoggingAspect - 'Around' advice implementation - JdbcAccountRepository.updateBeneficiaries: Last=0.0, Calls=1.0, Avg=0.0, Total=0.0, Min=0.0, Max=0.0
INFO : rewards.internal.aspects.LoggingAspect - 'Around' advice implementation - JdbcRewardRepository.updateReward: Last=15.0, Calls=1.0, Avg=15.0, Total=15.0, Min=15.0, Max=15.0
]]></system-out>
  <system-err><![CDATA[]]></system-err>
</testsuite>
