<?xml version="1.0" encoding="UTF-8"?>
<testsuite name="rewards.internal.restaurant.JdbcRestaurantRepositoryTests" tests="2" skipped="0" failures="0" errors="0" timestamp="2024-12-24T18:53:46" hostname="DESKTOP-OFNM1PJ" time="0.049">
  <properties/>
  <testcase name="testFindRestaurantByMerchantNumber()" classname="rewards.internal.restaurant.JdbcRestaurantRepositoryTests" time="0.026"/>
  <testcase name="testFindRestaurantByBogusMerchantNumber()" classname="rewards.internal.restaurant.JdbcRestaurantRepositoryTests" time="0.022"/>
  <system-out><![CDATA[]]></system-out>
  <system-err><![CDATA[]]></system-err>
</testsuite>
