<?xml version="1.0" encoding="UTF-8"?>
<testsuite name="rewards.internal.restaurant.JdbcRestaurantRepositoryTests" tests="3" skipped="0" failures="0" errors="0" timestamp="2024-12-24T18:53:17" hostname="DESKTOP-OFNM1PJ" time="0.146">
  <properties/>
  <testcase name="findRestaurantByMerchantNumber()" classname="rewards.internal.restaurant.JdbcRestaurantRepositoryTests" time="0.082"/>
  <testcase name="restaurantCacheClearedAfterDestroy()" classname="rewards.internal.restaurant.JdbcRestaurantRepositoryTests" time="0.037"/>
  <testcase name="findRestaurantByBogusMerchantNumber()" classname="rewards.internal.restaurant.JdbcRestaurantRepositoryTests" time="0.025"/>
  <system-out><![CDATA[]]></system-out>
  <system-err><![CDATA[]]></system-err>
</testsuite>
