<?xml version="1.0" encoding="UTF-8"?>
<testsuite name="rewards.internal.RewardNetworkImplTests" tests="1" skipped="0" failures="0" errors="0" timestamp="2024-12-24T18:53:17" hostname="DESKTOP-OFNM1PJ" time="0.002">
  <properties/>
  <testcase name="testRewardForDining()" classname="rewards.internal.RewardNetworkImplTests" time="0.002"/>
  <system-out><![CDATA[]]></system-out>
  <system-err><![CDATA[]]></system-err>
</testsuite>
