<?xml version="1.0" encoding="UTF-8"?>
<testsuite name="rewards.RewardNetworkTests" tests="1" skipped="0" failures="0" errors="0" timestamp="2024-12-24T18:53:01" hostname="DESKTOP-OFNM1PJ" time="1.973">
  <properties/>
  <testcase name="testRewardForDining()" classname="rewards.RewardNetworkTests" time="1.973"/>
  <system-out><![CDATA[ ::                                                         ____
 /\    ____                 ____             _              \ \ \
|/\|  / ___|___  _ __ ___  / ___| _ __  _ __(_)_ __   __ _   \ \ \
     | |   / _ \| '__/ _ \ \___ \| '_ \| '__| | '_ \ / _` |   \ \ \
     | |__| (_) | | |  __/  ___) | |_) | |  | | | | | (_| |   / / /
      \____\___/|_|  \___| |____/| .__/|_|  |_|_| |_|\__, |  / / /
 ================================|_|==================|___/=/_/_/=
   :: Core Spring Training ::                  :: v5.3.23.RELEASE ::

INFO : w.o.g.p.internal.worker.GradleWorkerMain - Starting GradleWorkerMain using Java 17.0.13 on DESKTOP-OFNM1PJ with PID 30352 (started by Abenezer in C:\Users\Abenezer\IdeaProjects\core-spring-labfiles\lab\12-javaconfig-dependency-injection-solution)
DEBUG: w.o.g.p.internal.worker.GradleWorkerMain - Running with Spring Boot v2.7.5, Spring v5.3.23
INFO : w.o.g.p.internal.worker.GradleWorkerMain - No active profile set, falling back to 1 default profile: "default"
INFO : w.o.g.p.internal.worker.GradleWorkerMain - Started GradleWorkerMain in 1.602 seconds (JVM running for 4.341)
]]></system-out>
  <system-err><![CDATA[]]></system-err>
</testsuite>
