<?xml version="1.0" encoding="UTF-8"?>
<testsuite name="config.RewardsConfigTests" tests="1" skipped="0" failures="0" errors="0" timestamp="2024-12-24T18:53:01" hostname="DESKTOP-OFNM1PJ" time="0.026">
  <properties/>
  <testcase name="getBeans()" classname="config.RewardsConfigTests" time="0.026"/>
  <system-out><![CDATA[]]></system-out>
  <system-err><![CDATA[]]></system-err>
</testsuite>
