<?xml version="1.0" encoding="UTF-8"?>
<testsuite name="rewards.RewardNetworkTests" tests="1" skipped="0" failures="0" errors="0" timestamp="2024-12-24T18:53:34" hostname="DESKTOP-OFNM1PJ" time="0.04">
  <properties/>
  <testcase name="testRewardForDining(OutputCapture)" classname="rewards.RewardNetworkTests" time="0.04"/>
  <system-out><![CDATA[INFO : o.s.t.c.s.DefaultTestContextBootstrapper - Loaded default TestExecutionListener class names from location [META-INF/spring.factories]: [org.springframework.boot.test.autoconfigure.restdocs.RestDocsTestExecutionListener, org.springframework.boot.test.autoconfigure.web.client.MockRestServiceServerResetTestExecutionListener, org.springframework.boot.test.autoconfigure.web.servlet.MockMvcPrintOnlyOnFailureTestExecutionListener, org.springframework.boot.test.autoconfigure.web.servlet.WebDriverTestExecutionListener, org.springframework.boot.test.autoconfigure.webservices.client.MockWebServiceServerTestExecutionListener, org.springframework.boot.test.mock.mockito.MockitoTestExecutionListener, org.springframework.boot.test.mock.mockito.ResetMocksTestExecutionListener, org.springframework.test.context.web.ServletTestExecutionListener, org.springframework.test.context.support.DirtiesContextBeforeModesTestExecutionListener, org.springframework.test.context.event.ApplicationEventsTestExecutionListener, org.springframework.test.context.support.DependencyInjectionTestExecutionListener, org.springframework.test.context.support.DirtiesContextTestExecutionListener, org.springframework.test.context.transaction.TransactionalTestExecutionListener, org.springframework.test.context.jdbc.SqlScriptsTestExecutionListener, org.springframework.test.context.event.EventPublishingTestExecutionListener]
INFO : o.s.t.c.s.DefaultTestContextBootstrapper - Using TestExecutionListeners: [org.springframework.test.context.support.DirtiesContextBeforeModesTestExecutionListener@40d848f9, org.springframework.test.context.event.ApplicationEventsTestExecutionListener@4a864d4d, org.springframework.boot.test.mock.mockito.MockitoTestExecutionListener@7d3691e1, org.springframework.test.context.support.DependencyInjectionTestExecutionListener@46a123e4, org.springframework.test.context.support.DirtiesContextTestExecutionListener@44bc2449, org.springframework.test.context.transaction.TransactionalTestExecutionListener@3c28e5b6, org.springframework.test.context.jdbc.SqlScriptsTestExecutionListener@7558c24b, org.springframework.test.context.event.EventPublishingTestExecutionListener@3a296107, org.springframework.boot.test.autoconfigure.restdocs.RestDocsTestExecutionListener@1f129467, org.springframework.boot.test.autoconfigure.web.client.MockRestServiceServerResetTestExecutionListener@646cd766, org.springframework.boot.test.autoconfigure.web.servlet.MockMvcPrintOnlyOnFailureTestExecutionListener@57151b3a, org.springframework.boot.test.autoconfigure.web.servlet.WebDriverTestExecutionListener@26457986, org.springframework.boot.test.autoconfigure.webservices.client.MockWebServiceServerTestExecutionListener@2dff7085, org.springframework.boot.test.mock.mockito.ResetMocksTestExecutionListener@2faa55bb]
]]></system-out>
  <system-err><![CDATA[]]></system-err>
</testsuite>
