<?xml version="1.0" encoding="UTF-8"?>
<testsuite name="rewards.internal.restaurant.JdbcRestaurantRepositoryTests" tests="2" skipped="0" failures="0" errors="0" timestamp="2024-12-24T18:53:34" hostname="DESKTOP-OFNM1PJ" time="0.044">
  <properties/>
  <testcase name="testFindRestaurantByMerchantNumber()" classname="rewards.internal.restaurant.JdbcRestaurantRepositoryTests" time="0.024"/>
  <testcase name="testFindRestaurantByBogusMerchantNumber()" classname="rewards.internal.restaurant.JdbcRestaurantRepositoryTests" time="0.019"/>
  <system-out><![CDATA[]]></system-out>
  <system-err><![CDATA[]]></system-err>
</testsuite>
