<?xml version="1.0" encoding="UTF-8"?>
<testsuite name="rewards.LoggingAspectTests" tests="1" skipped="0" failures="0" errors="0" timestamp="2024-12-24T18:53:34" hostname="DESKTOP-OFNM1PJ" time="0.025">
  <properties/>
  <testcase name="testLogger(OutputCapture)" classname="rewards.LoggingAspectTests" time="0.025"/>
  <system-out><![CDATA[INFO : o.s.t.c.s.DefaultTestContextBootstrapper - Loaded default TestExecutionListener class names from location [META-INF/spring.factories]: [org.springframework.boot.test.autoconfigure.restdocs.RestDocsTestExecutionListener, org.springframework.boot.test.autoconfigure.web.client.MockRestServiceServerResetTestExecutionListener, org.springframework.boot.test.autoconfigure.web.servlet.MockMvcPrintOnlyOnFailureTestExecutionListener, org.springframework.boot.test.autoconfigure.web.servlet.WebDriverTestExecutionListener, org.springframework.boot.test.autoconfigure.webservices.client.MockWebServiceServerTestExecutionListener, org.springframework.boot.test.mock.mockito.MockitoTestExecutionListener, org.springframework.boot.test.mock.mockito.ResetMocksTestExecutionListener, org.springframework.test.context.web.ServletTestExecutionListener, org.springframework.test.context.support.DirtiesContextBeforeModesTestExecutionListener, org.springframework.test.context.event.ApplicationEventsTestExecutionListener, org.springframework.test.context.support.DependencyInjectionTestExecutionListener, org.springframework.test.context.support.DirtiesContextTestExecutionListener, org.springframework.test.context.transaction.TransactionalTestExecutionListener, org.springframework.test.context.jdbc.SqlScriptsTestExecutionListener, org.springframework.test.context.event.EventPublishingTestExecutionListener]
INFO : o.s.t.c.s.DefaultTestContextBootstrapper - Using TestExecutionListeners: [org.springframework.test.context.support.DirtiesContextBeforeModesTestExecutionListener@7a65a360, org.springframework.test.context.event.ApplicationEventsTestExecutionListener@30a7653e, org.springframework.boot.test.mock.mockito.MockitoTestExecutionListener@7cff3f1d, org.springframework.test.context.support.DependencyInjectionTestExecutionListener@6401188a, org.springframework.test.context.support.DirtiesContextTestExecutionListener@33a8c9c9, org.springframework.test.context.transaction.TransactionalTestExecutionListener@382dc417, org.springframework.test.context.jdbc.SqlScriptsTestExecutionListener@3daf03d8, org.springframework.test.context.event.EventPublishingTestExecutionListener@510689af, org.springframework.boot.test.autoconfigure.restdocs.RestDocsTestExecutionListener@2415e4c7, org.springframework.boot.test.autoconfigure.web.client.MockRestServiceServerResetTestExecutionListener@72ce812e, org.springframework.boot.test.autoconfigure.web.servlet.MockMvcPrintOnlyOnFailureTestExecutionListener@373afd6c, org.springframework.boot.test.autoconfigure.web.servlet.WebDriverTestExecutionListener@521441d5, org.springframework.boot.test.autoconfigure.webservices.client.MockWebServiceServerTestExecutionListener@592ca48c, org.springframework.boot.test.mock.mockito.ResetMocksTestExecutionListener@5fed9976]
]]></system-out>
  <system-err><![CDATA[]]></system-err>
</testsuite>
