<?xml version="1.0" encoding="UTF-8"?>
<testsuite name="rewards.internal.reward.JdbcRewardRepositoryTests" tests="1" skipped="0" failures="0" errors="0" timestamp="2024-12-24T18:53:34" hostname="DESKTOP-OFNM1PJ" time="0.028">
  <properties/>
  <testcase name="createReward()" classname="rewards.internal.reward.JdbcRewardRepositoryTests" time="0.028"/>
  <system-out><![CDATA[]]></system-out>
  <system-err><![CDATA[]]></system-err>
</testsuite>
