<?xml version="1.0" encoding="UTF-8"?>
<testsuite name="rewards.DBExceptionHandlingAspectTests" tests="1" skipped="0" failures="0" errors="0" timestamp="2024-12-24T18:53:33" hostname="DESKTOP-OFNM1PJ" time="0.612">
  <properties/>
  <testcase name="testReportException(OutputCapture)" classname="rewards.DBExceptionHandlingAspectTests" time="0.612"/>
  <system-out><![CDATA[INFO : o.s.t.c.s.DefaultTestContextBootstrapper - Loaded default TestExecutionListener class names from location [META-INF/spring.factories]: [org.springframework.boot.test.autoconfigure.restdocs.RestDocsTestExecutionListener, org.springframework.boot.test.autoconfigure.web.client.MockRestServiceServerResetTestExecutionListener, org.springframework.boot.test.autoconfigure.web.servlet.MockMvcPrintOnlyOnFailureTestExecutionListener, org.springframework.boot.test.autoconfigure.web.servlet.WebDriverTestExecutionListener, org.springframework.boot.test.autoconfigure.webservices.client.MockWebServiceServerTestExecutionListener, org.springframework.boot.test.mock.mockito.MockitoTestExecutionListener, org.springframework.boot.test.mock.mockito.ResetMocksTestExecutionListener, org.springframework.test.context.web.ServletTestExecutionListener, org.springframework.test.context.support.DirtiesContextBeforeModesTestExecutionListener, org.springframework.test.context.event.ApplicationEventsTestExecutionListener, org.springframework.test.context.support.DependencyInjectionTestExecutionListener, org.springframework.test.context.support.DirtiesContextTestExecutionListener, org.springframework.test.context.transaction.TransactionalTestExecutionListener, org.springframework.test.context.jdbc.SqlScriptsTestExecutionListener, org.springframework.test.context.event.EventPublishingTestExecutionListener]
INFO : o.s.t.c.s.DefaultTestContextBootstrapper - Using TestExecutionListeners: [org.springframework.test.context.support.DirtiesContextBeforeModesTestExecutionListener@21aa6d6c, org.springframework.test.context.event.ApplicationEventsTestExecutionListener@b968a76, org.springframework.boot.test.mock.mockito.MockitoTestExecutionListener@2f9a01c1, org.springframework.test.context.support.DependencyInjectionTestExecutionListener@2611b9a3, org.springframework.test.context.support.DirtiesContextTestExecutionListener@54227100, org.springframework.test.context.transaction.TransactionalTestExecutionListener@6b5894c8, org.springframework.test.context.jdbc.SqlScriptsTestExecutionListener@1433046b, org.springframework.test.context.event.EventPublishingTestExecutionListener@3f446bef, org.springframework.boot.test.autoconfigure.restdocs.RestDocsTestExecutionListener@7829b776, org.springframework.boot.test.autoconfigure.web.client.MockRestServiceServerResetTestExecutionListener@5778826f, org.springframework.boot.test.autoconfigure.web.servlet.MockMvcPrintOnlyOnFailureTestExecutionListener@5b64c4b7, org.springframework.boot.test.autoconfigure.web.servlet.WebDriverTestExecutionListener@4763c727, org.springframework.boot.test.autoconfigure.webservices.client.MockWebServiceServerTestExecutionListener@72445aba, org.springframework.boot.test.mock.mockito.ResetMocksTestExecutionListener@61bcd567]
]]></system-out>
  <system-err><![CDATA[]]></system-err>
</testsuite>
